{
"contracts/Frontier.sol":{"l":{"15":5,"16":5,"17":5,"18":5,"19":5,"20":5,"24":0,"28":5,"29":1,"31":4},"path":"/home/dara/Documents/2023-ca400-lynchd63-mcgraa46/src/contracts/Frontier.sol","s":{"1":5,"2":5,"3":5,"4":5,"5":5,"6":0,"7":5,"8":1,"9":4},"b":{"1":[1,4]},"f":{"1":5,"2":0,"3":5},"fnMap":{"1":{"name":"createWallet","line":14,"loc":{"start":{"line":14,"column":4},"end":{"line":21,"column":4}}},"2":{"name":"getWallets","line":23,"loc":{"start":{"line":23,"column":4},"end":{"line":25,"column":4}}},"3":{"name":"getUserWallets","line":27,"loc":{"start":{"line":27,"column":4},"end":{"line":32,"column":4}}}},"statementMap":{"1":{"start":{"line":15,"column":8},"end":{"line":15,"column":69}},"2":{"start":{"line":16,"column":8},"end":{"line":16,"column":39}},"3":{"start":{"line":18,"column":8},"end":{"line":18,"column":55}},"4":{"start":{"line":19,"column":8},"end":{"line":19,"column":46}},"5":{"start":{"line":20,"column":8},"end":{"line":20,"column":33}},"6":{"start":{"line":24,"column":8},"end":{"line":24,"column":22}},"7":{"start":{"line":28,"column":8},"end":{"line":28,"column":875}},"8":{"start":{"line":29,"column":12},"end":{"line":29,"column":35}},"9":{"start":{"line":31,"column":8},"end":{"line":31,"column":32}}},"branchMap":{"1":{"line":28,"type":"if","locations":[{"start":{"line":28,"column":8},"end":{"line":28,"column":8}},{"start":{"line":28,"column":8},"end":{"line":28,"column":8}}]}}},
"contracts/FrontierMultisig.sol":{"l":{"42":5,"43":5,"44":5,"45":5,"46":5,"51":0,"57":0,"58":0,"59":0,"68":0,"73":0,"74":0,"75":0,"76":0,"78":0,"79":0,"80":0,"81":0,"82":0,"84":0,"88":0,"89":0,"90":0,"91":0,"93":0,"94":0,"95":0,"96":0,"97":0,"99":0,"105":0,"106":0,"107":0,"108":0,"109":0,"114":0,"115":0,"116":0,"117":0,"120":0,"125":0,"126":0,"127":0,"128":0,"131":0,"136":0,"138":0,"139":0,"140":0,"141":0,"142":0,"143":0,"148":0,"149":0,"150":0,"151":0,"152":0,"153":0,"158":0,"159":0,"160":0,"161":0,"162":0,"163":0,"164":0,"165":0,"166":0,"169":0,"170":0,"175":0,"180":0,"184":0,"189":0,"194":0,"198":0,"199":0,"200":0,"201":0,"205":0,"206":0,"207":0,"208":0,"209":0,"210":0,"211":0,"213":0,"214":0,"215":0,"216":0,"217":0,"218":0,"219":0,"220":0,"221":0,"222":0,"223":0,"226":0,"230":0,"231":0,"232":0,"233":0,"237":0,"238":0,"239":0,"240":0,"241":0,"242":0,"243":0,"245":0,"246":0,"247":0,"248":0,"249":0,"250":0,"251":0,"252":0,"253":0,"254":0,"255":0,"258":0,"264":0,"265":0,"266":0,"267":0,"268":0,"273":0,"274":0,"275":0,"276":0,"277":0,"282":0,"283":0,"284":0,"285":0,"288":0,"293":0,"294":0,"295":0,"296":0,"299":0},"path":"/home/dara/Documents/2023-ca400-lynchd63-mcgraa46/src/contracts/FrontierMultisig.sol","s":{"1":5,"2":5,"3":5,"4":0,"5":0,"6":0,"7":0,"8":0,"9":0,"10":0,"11":0,"12":0,"13":0,"14":0,"15":0,"16":0,"17":0,"18":0,"19":0,"20":0,"21":0,"22":0,"23":0,"24":0,"25":0,"26":0,"27":0,"28":0,"29":0,"30":0,"31":0,"32":0,"33":0,"34":0,"35":0,"36":0,"37":0,"38":0,"39":0,"40":0,"41":0,"42":0,"43":0,"44":0,"45":0,"46":0,"47":0,"48":0,"49":0,"50":0,"51":0,"52":0,"53":0,"54":0,"55":0,"56":0,"57":0,"58":0,"59":0,"60":0,"61":0,"62":0,"63":0,"64":0,"65":0,"66":0,"67":0,"68":0,"69":0,"70":0,"71":0,"72":0,"73":0,"74":0,"75":0,"76":0,"77":0,"78":0,"79":0,"80":0,"81":0,"82":0,"83":0,"84":0,"85":0,"86":0,"87":0,"88":0,"89":0,"90":0,"91":0,"92":0,"93":0,"94":0,"95":0,"96":0,"97":0,"98":0,"99":0,"100":0,"101":0,"102":0,"103":0},"b":{"1":[5,0],"2":[0,0],"3":[0,0],"4":[0,0],"5":[0,0],"6":[0,0],"7":[0,0],"8":[0,0],"9":[0,0],"10":[0,0],"11":[0,0],"12":[0,0],"13":[0,0],"14":[0,0],"15":[0,0],"16":[0,0],"17":[0,0],"18":[0,0],"19":[0,0],"20":[0,0],"21":[0,0],"22":[0,0],"23":[0,0],"24":[0,0],"25":[0,0],"26":[0,0],"27":[0,0],"28":[0,0],"29":[0,0],"30":[0,0],"31":[0,0],"32":[0,0],"33":[0,0],"34":[0,0],"35":[0,0],"36":[0,0],"37":[0,0],"38":[0,0],"39":[0,0],"40":[0,0],"41":[0,0]},"f":{"1":5,"2":0,"3":0,"4":0,"5":0,"6":0,"7":0,"8":0,"9":0,"10":0,"11":0,"12":0,"13":0,"14":0,"15":0,"16":0,"17":0,"18":0,"19":0,"20":0,"21":0},"fnMap":{"1":{"name":"constructor","line":41,"loc":{"start":{"line":41,"column":4},"end":{"line":47,"column":4}}},"2":{"name":"submitTransaction","line":56,"loc":{"start":{"line":56,"column":4},"end":{"line":69,"column":0}}},"3":{"name":"approveTransaction","line":72,"loc":{"start":{"line":72,"column":4},"end":{"line":85,"column":4}}},"4":{"name":"denyTransaction","line":87,"loc":{"start":{"line":87,"column":4},"end":{"line":101,"column":4}}},"5":{"name":"revokeTransaction","line":104,"loc":{"start":{"line":104,"column":4},"end":{"line":110,"column":4}}},"6":{"name":"getTransactionApprovals","line":113,"loc":{"start":{"line":113,"column":4},"end":{"line":121,"column":4}}},"7":{"name":"getTransactionDenials","line":124,"loc":{"start":{"line":124,"column":4},"end":{"line":132,"column":4}}},"8":{"name":"executeTransaction","line":135,"loc":{"start":{"line":135,"column":4},"end":{"line":144,"column":4}}},"9":{"name":"addOwner","line":147,"loc":{"start":{"line":147,"column":4},"end":{"line":154,"column":4}}},"10":{"name":"removeOwner","line":157,"loc":{"start":{"line":157,"column":4},"end":{"line":171,"column":4}}},"11":{"name":"getBalance","line":174,"loc":{"start":{"line":174,"column":4},"end":{"line":176,"column":4}}},"12":{"name":"getOwners","line":179,"loc":{"start":{"line":179,"column":4},"end":{"line":181,"column":4}}},"13":{"name":"getOriginalOwners","line":183,"loc":{"start":{"line":183,"column":4},"end":{"line":185,"column":4}}},"14":{"name":"getApprovalsRequired","line":188,"loc":{"start":{"line":188,"column":4},"end":{"line":190,"column":4}}},"15":{"name":"getDenialsRequired","line":193,"loc":{"start":{"line":193,"column":4},"end":{"line":195,"column":4}}},"16":{"name":"getPendingTransactions","line":197,"loc":{"start":{"line":197,"column":4},"end":{"line":227,"column":4}}},"17":{"name":"getCompleteTransactions","line":229,"loc":{"start":{"line":229,"column":5},"end":{"line":259,"column":4}}},"18":{"name":"changeApprovalsRequired","line":263,"loc":{"start":{"line":263,"column":4},"end":{"line":269,"column":4}}},"19":{"name":"changeDenialsRequired","line":272,"loc":{"start":{"line":272,"column":4},"end":{"line":278,"column":4}}},"20":{"name":"getTransactionApprovalCount","line":281,"loc":{"start":{"line":281,"column":4},"end":{"line":289,"column":4}}},"21":{"name":"getTransactionDenialCount","line":292,"loc":{"start":{"line":292,"column":4},"end":{"line":300,"column":4}}}},"statementMap":{"1":{"start":{"line":42,"column":8},"end":{"line":42,"column":64}},"2":{"start":{"line":44,"column":8},"end":{"line":44,"column":25}},"3":{"start":{"line":46,"column":8},"end":{"line":46,"column":33}},"4":{"start":{"line":57,"column":4},"end":{"line":57,"column":55}},"5":{"start":{"line":58,"column":4},"end":{"line":58,"column":38}},"6":{"start":{"line":59,"column":4},"end":{"line":59,"column":2654}},"7":{"start":{"line":68,"column":4},"end":{"line":68,"column":84}},"8":{"start":{"line":73,"column":8},"end":{"line":73,"column":59}},"9":{"start":{"line":74,"column":8},"end":{"line":74,"column":93}},"10":{"start":{"line":75,"column":8},"end":{"line":75,"column":3323}},"11":{"start":{"line":76,"column":12},"end":{"line":76,"column":37}},"12":{"start":{"line":79,"column":8},"end":{"line":79,"column":64}},"13":{"start":{"line":80,"column":8},"end":{"line":80,"column":50}},"14":{"start":{"line":81,"column":8},"end":{"line":81,"column":3774}},"15":{"start":{"line":82,"column":12},"end":{"line":82,"column":38}},"16":{"start":{"line":84,"column":8},"end":{"line":84,"column":52}},"17":{"start":{"line":88,"column":8},"end":{"line":88,"column":59}},"18":{"start":{"line":89,"column":8},"end":{"line":89,"column":89}},"19":{"start":{"line":90,"column":8},"end":{"line":90,"column":4378}},"20":{"start":{"line":91,"column":12},"end":{"line":91,"column":37}},"21":{"start":{"line":94,"column":8},"end":{"line":94,"column":60}},"22":{"start":{"line":95,"column":8},"end":{"line":95,"column":46}},"23":{"start":{"line":96,"column":8},"end":{"line":96,"column":4825}},"24":{"start":{"line":99,"column":8},"end":{"line":99,"column":49}},"25":{"start":{"line":105,"column":8},"end":{"line":105,"column":59}},"26":{"start":{"line":106,"column":8},"end":{"line":106,"column":130}},"27":{"start":{"line":109,"column":8},"end":{"line":109,"column":51}},"28":{"start":{"line":114,"column":8},"end":{"line":114,"column":22}},"29":{"start":{"line":115,"column":8},"end":{"line":115,"column":6045}},"30":{"start":{"line":116,"column":12},"end":{"line":116,"column":6104}},"31":{"start":{"line":120,"column":8},"end":{"line":120,"column":20}},"32":{"start":{"line":125,"column":8},"end":{"line":125,"column":22}},"33":{"start":{"line":126,"column":8},"end":{"line":126,"column":6380}},"34":{"start":{"line":127,"column":12},"end":{"line":127,"column":6439}},"35":{"start":{"line":131,"column":8},"end":{"line":131,"column":20}},"36":{"start":{"line":136,"column":8},"end":{"line":136,"column":59}},"37":{"start":{"line":138,"column":8},"end":{"line":138,"column":88}},"38":{"start":{"line":139,"column":8},"end":{"line":139,"column":76}},"39":{"start":{"line":141,"column":8},"end":{"line":141,"column":120}},"40":{"start":{"line":142,"column":8},"end":{"line":142,"column":45}},"41":{"start":{"line":143,"column":8},"end":{"line":143,"column":52}},"42":{"start":{"line":148,"column":8},"end":{"line":148,"column":59}},"43":{"start":{"line":149,"column":8},"end":{"line":149,"column":64}},"44":{"start":{"line":150,"column":8},"end":{"line":150,"column":54}},"45":{"start":{"line":152,"column":8},"end":{"line":152,"column":25}},"46":{"start":{"line":153,"column":8},"end":{"line":153,"column":33}},"47":{"start":{"line":158,"column":8},"end":{"line":158,"column":89}},"48":{"start":{"line":159,"column":8},"end":{"line":159,"column":59}},"49":{"start":{"line":160,"column":8},"end":{"line":160,"column":64}},"50":{"start":{"line":161,"column":8},"end":{"line":161,"column":55}},"51":{"start":{"line":163,"column":8},"end":{"line":163,"column":8466}},"52":{"start":{"line":164,"column":12},"end":{"line":164,"column":8529}},"53":{"start":{"line":169,"column":8},"end":{"line":169,"column":19}},"54":{"start":{"line":170,"column":8},"end":{"line":170,"column":32}},"55":{"start":{"line":175,"column":8},"end":{"line":175,"column":36}},"56":{"start":{"line":180,"column":8},"end":{"line":180,"column":21}},"57":{"start":{"line":184,"column":8},"end":{"line":184,"column":29}},"58":{"start":{"line":189,"column":8},"end":{"line":189,"column":32}},"59":{"start":{"line":194,"column":8},"end":{"line":194,"column":30}},"60":{"start":{"line":198,"column":8},"end":{"line":198,"column":29}},"61":{"start":{"line":199,"column":8},"end":{"line":199,"column":9663}},"62":{"start":{"line":200,"column":12},"end":{"line":200,"column":9728}},"63":{"start":{"line":205,"column":8},"end":{"line":205,"column":57}},"64":{"start":{"line":206,"column":8},"end":{"line":206,"column":54}},"65":{"start":{"line":207,"column":8},"end":{"line":207,"column":55}},"66":{"start":{"line":208,"column":8},"end":{"line":208,"column":57}},"67":{"start":{"line":209,"column":8},"end":{"line":209,"column":55}},"68":{"start":{"line":210,"column":8},"end":{"line":210,"column":58}},"69":{"start":{"line":211,"column":8},"end":{"line":211,"column":64}},"70":{"start":{"line":213,"column":8},"end":{"line":213,"column":29}},"71":{"start":{"line":214,"column":8},"end":{"line":214,"column":10295}},"72":{"start":{"line":215,"column":12},"end":{"line":215,"column":10360}},"73":{"start":{"line":226,"column":8},"end":{"line":226,"column":70}},"74":{"start":{"line":230,"column":8},"end":{"line":230,"column":30}},"75":{"start":{"line":231,"column":8},"end":{"line":231,"column":11206}},"76":{"start":{"line":232,"column":12},"end":{"line":232,"column":11271}},"77":{"start":{"line":237,"column":8},"end":{"line":237,"column":58}},"78":{"start":{"line":238,"column":8},"end":{"line":238,"column":55}},"79":{"start":{"line":239,"column":8},"end":{"line":239,"column":56}},"80":{"start":{"line":240,"column":8},"end":{"line":240,"column":58}},"81":{"start":{"line":241,"column":8},"end":{"line":241,"column":56}},"82":{"start":{"line":242,"column":8},"end":{"line":242,"column":59}},"83":{"start":{"line":243,"column":8},"end":{"line":243,"column":65}},"84":{"start":{"line":245,"column":8},"end":{"line":245,"column":29}},"85":{"start":{"line":246,"column":8},"end":{"line":246,"column":11844}},"86":{"start":{"line":247,"column":12},"end":{"line":247,"column":11909}},"87":{"start":{"line":258,"column":8},"end":{"line":258,"column":70}},"88":{"start":{"line":264,"column":8},"end":{"line":264,"column":113}},"89":{"start":{"line":265,"column":8},"end":{"line":265,"column":51}},"90":{"start":{"line":266,"column":8},"end":{"line":266,"column":175}},"91":{"start":{"line":268,"column":8},"end":{"line":268,"column":58}},"92":{"start":{"line":273,"column":8},"end":{"line":273,"column":111}},"93":{"start":{"line":274,"column":8},"end":{"line":274,"column":51}},"94":{"start":{"line":275,"column":8},"end":{"line":275,"column":169}},"95":{"start":{"line":277,"column":8},"end":{"line":277,"column":52}},"96":{"start":{"line":282,"column":8},"end":{"line":282,"column":22}},"97":{"start":{"line":283,"column":8},"end":{"line":283,"column":13885}},"98":{"start":{"line":284,"column":12},"end":{"line":284,"column":13944}},"99":{"start":{"line":288,"column":8},"end":{"line":288,"column":20}},"100":{"start":{"line":293,"column":8},"end":{"line":293,"column":22}},"101":{"start":{"line":294,"column":8},"end":{"line":294,"column":14235}},"102":{"start":{"line":295,"column":12},"end":{"line":295,"column":14294}},"103":{"start":{"line":299,"column":8},"end":{"line":299,"column":20}}},"branchMap":{"1":{"line":42,"type":"if","locations":[{"start":{"line":42,"column":8},"end":{"line":42,"column":8}},{"start":{"line":42,"column":8},"end":{"line":42,"column":8}}]},"2":{"line":57,"type":"if","locations":[{"start":{"line":57,"column":4},"end":{"line":57,"column":4}},{"start":{"line":57,"column":4},"end":{"line":57,"column":4}}]},"3":{"line":73,"type":"if","locations":[{"start":{"line":73,"column":8},"end":{"line":73,"column":8}},{"start":{"line":73,"column":8},"end":{"line":73,"column":8}}]},"4":{"line":74,"type":"if","locations":[{"start":{"line":74,"column":8},"end":{"line":74,"column":8}},{"start":{"line":74,"column":8},"end":{"line":74,"column":8}}]},"5":{"line":75,"type":"if","locations":[{"start":{"line":75,"column":8},"end":{"line":75,"column":8}},{"start":{"line":75,"column":8},"end":{"line":75,"column":8}}]},"6":{"line":81,"type":"if","locations":[{"start":{"line":81,"column":8},"end":{"line":81,"column":8}},{"start":{"line":81,"column":8},"end":{"line":81,"column":8}}]},"7":{"line":81,"type":"cond-expr","locations":[{"start":{"line":81,"column":12},"end":{"line":81,"column":48}},{"start":{"line":81,"column":53},"end":{"line":81,"column":79}}]},"8":{"line":88,"type":"if","locations":[{"start":{"line":88,"column":8},"end":{"line":88,"column":8}},{"start":{"line":88,"column":8},"end":{"line":88,"column":8}}]},"9":{"line":89,"type":"if","locations":[{"start":{"line":89,"column":8},"end":{"line":89,"column":8}},{"start":{"line":89,"column":8},"end":{"line":89,"column":8}}]},"10":{"line":90,"type":"if","locations":[{"start":{"line":90,"column":8},"end":{"line":90,"column":8}},{"start":{"line":90,"column":8},"end":{"line":90,"column":8}}]},"11":{"line":96,"type":"if","locations":[{"start":{"line":96,"column":8},"end":{"line":96,"column":8}},{"start":{"line":96,"column":8},"end":{"line":96,"column":8}}]},"12":{"line":96,"type":"cond-expr","locations":[{"start":{"line":96,"column":12},"end":{"line":96,"column":44}},{"start":{"line":96,"column":49},"end":{"line":96,"column":75}}]},"13":{"line":105,"type":"if","locations":[{"start":{"line":105,"column":8},"end":{"line":105,"column":8}},{"start":{"line":105,"column":8},"end":{"line":105,"column":8}}]},"14":{"line":106,"type":"if","locations":[{"start":{"line":106,"column":8},"end":{"line":106,"column":8}},{"start":{"line":106,"column":8},"end":{"line":106,"column":8}}]},"15":{"line":106,"type":"cond-expr","locations":[{"start":{"line":106,"column":16},"end":{"line":106,"column":45}},{"start":{"line":106,"column":50},"end":{"line":106,"column":77}}]},"16":{"line":116,"type":"if","locations":[{"start":{"line":116,"column":12},"end":{"line":116,"column":12}},{"start":{"line":116,"column":12},"end":{"line":116,"column":12}}]},"17":{"line":127,"type":"if","locations":[{"start":{"line":127,"column":12},"end":{"line":127,"column":12}},{"start":{"line":127,"column":12},"end":{"line":127,"column":12}}]},"18":{"line":136,"type":"if","locations":[{"start":{"line":136,"column":8},"end":{"line":136,"column":8}},{"start":{"line":136,"column":8},"end":{"line":136,"column":8}}]},"19":{"line":138,"type":"if","locations":[{"start":{"line":138,"column":8},"end":{"line":138,"column":8}},{"start":{"line":138,"column":8},"end":{"line":138,"column":8}}]},"20":{"line":139,"type":"if","locations":[{"start":{"line":139,"column":8},"end":{"line":139,"column":8}},{"start":{"line":139,"column":8},"end":{"line":139,"column":8}}]},"21":{"line":142,"type":"if","locations":[{"start":{"line":142,"column":8},"end":{"line":142,"column":8}},{"start":{"line":142,"column":8},"end":{"line":142,"column":8}}]},"22":{"line":148,"type":"if","locations":[{"start":{"line":148,"column":8},"end":{"line":148,"column":8}},{"start":{"line":148,"column":8},"end":{"line":148,"column":8}}]},"23":{"line":149,"type":"if","locations":[{"start":{"line":149,"column":8},"end":{"line":149,"column":8}},{"start":{"line":149,"column":8},"end":{"line":149,"column":8}}]},"24":{"line":150,"type":"if","locations":[{"start":{"line":150,"column":8},"end":{"line":150,"column":8}},{"start":{"line":150,"column":8},"end":{"line":150,"column":8}}]},"25":{"line":158,"type":"if","locations":[{"start":{"line":158,"column":8},"end":{"line":158,"column":8}},{"start":{"line":158,"column":8},"end":{"line":158,"column":8}}]},"26":{"line":159,"type":"if","locations":[{"start":{"line":159,"column":8},"end":{"line":159,"column":8}},{"start":{"line":159,"column":8},"end":{"line":159,"column":8}}]},"27":{"line":160,"type":"if","locations":[{"start":{"line":160,"column":8},"end":{"line":160,"column":8}},{"start":{"line":160,"column":8},"end":{"line":160,"column":8}}]},"28":{"line":161,"type":"if","locations":[{"start":{"line":161,"column":8},"end":{"line":161,"column":8}},{"start":{"line":161,"column":8},"end":{"line":161,"column":8}}]},"29":{"line":164,"type":"if","locations":[{"start":{"line":164,"column":12},"end":{"line":164,"column":12}},{"start":{"line":164,"column":12},"end":{"line":164,"column":12}}]},"30":{"line":200,"type":"if","locations":[{"start":{"line":200,"column":12},"end":{"line":200,"column":12}},{"start":{"line":200,"column":12},"end":{"line":200,"column":12}}]},"31":{"line":215,"type":"if","locations":[{"start":{"line":215,"column":12},"end":{"line":215,"column":12}},{"start":{"line":215,"column":12},"end":{"line":215,"column":12}}]},"32":{"line":232,"type":"if","locations":[{"start":{"line":232,"column":12},"end":{"line":232,"column":12}},{"start":{"line":232,"column":12},"end":{"line":232,"column":12}}]},"33":{"line":232,"type":"cond-expr","locations":[{"start":{"line":232,"column":16},"end":{"line":232,"column":39}},{"start":{"line":232,"column":44},"end":{"line":232,"column":65}}]},"34":{"line":247,"type":"if","locations":[{"start":{"line":247,"column":12},"end":{"line":247,"column":12}},{"start":{"line":247,"column":12},"end":{"line":247,"column":12}}]},"35":{"line":247,"type":"cond-expr","locations":[{"start":{"line":247,"column":16},"end":{"line":247,"column":39}},{"start":{"line":247,"column":44},"end":{"line":247,"column":65}}]},"36":{"line":264,"type":"if","locations":[{"start":{"line":264,"column":8},"end":{"line":264,"column":8}},{"start":{"line":264,"column":8},"end":{"line":264,"column":8}}]},"37":{"line":266,"type":"if","locations":[{"start":{"line":266,"column":8},"end":{"line":266,"column":8}},{"start":{"line":266,"column":8},"end":{"line":266,"column":8}}]},"38":{"line":273,"type":"if","locations":[{"start":{"line":273,"column":8},"end":{"line":273,"column":8}},{"start":{"line":273,"column":8},"end":{"line":273,"column":8}}]},"39":{"line":275,"type":"if","locations":[{"start":{"line":275,"column":8},"end":{"line":275,"column":8}},{"start":{"line":275,"column":8},"end":{"line":275,"column":8}}]},"40":{"line":284,"type":"if","locations":[{"start":{"line":284,"column":12},"end":{"line":284,"column":12}},{"start":{"line":284,"column":12},"end":{"line":284,"column":12}}]},"41":{"line":295,"type":"if","locations":[{"start":{"line":295,"column":12},"end":{"line":295,"column":12}},{"start":{"line":295,"column":12},"end":{"line":295,"column":12}}]}}}}
