TN:
SF:/home/dara/Documents/2023-ca400-lynchd63-mcgraa46/src/contracts/Frontier.sol
FN:14,createWallet
FN:23,getWallets
FN:27,getUserWallets
FNF:3
FNH:2
FNDA:5,createWallet
FNDA:0,getWallets
FNDA:5,getUserWallets
DA:15,5
DA:16,5
DA:17,5
DA:18,5
DA:19,5
DA:20,5
DA:24,0
DA:28,5
DA:29,1
DA:31,4
LF:10
LH:9
BRDA:28,1,0,1
BRDA:28,1,1,4
BRF:2
BRH:2
end_of_record
TN:
SF:/home/dara/Documents/2023-ca400-lynchd63-mcgraa46/src/contracts/FrontierMultisig.sol
FN:41,constructor
FN:56,submitTransaction
FN:72,approveTransaction
FN:87,denyTransaction
FN:104,revokeTransaction
FN:113,getTransactionApprovals
FN:124,getTransactionDenials
FN:135,executeTransaction
FN:147,addOwner
FN:157,removeOwner
FN:174,getBalance
FN:179,getOwners
FN:183,getOriginalOwners
FN:188,getApprovalsRequired
FN:193,getDenialsRequired
FN:197,getPendingTransactions
FN:229,getCompleteTransactions
FN:263,changeApprovalsRequired
FN:272,changeDenialsRequired
FN:281,getTransactionApprovalCount
FN:292,getTransactionDenialCount
FNF:21
FNH:1
FNDA:5,constructor
FNDA:0,submitTransaction
FNDA:0,approveTransaction
FNDA:0,denyTransaction
FNDA:0,revokeTransaction
FNDA:0,getTransactionApprovals
FNDA:0,getTransactionDenials
FNDA:0,executeTransaction
FNDA:0,addOwner
FNDA:0,removeOwner
FNDA:0,getBalance
FNDA:0,getOwners
FNDA:0,getOriginalOwners
FNDA:0,getApprovalsRequired
FNDA:0,getDenialsRequired
FNDA:0,getPendingTransactions
FNDA:0,getCompleteTransactions
FNDA:0,changeApprovalsRequired
FNDA:0,changeDenialsRequired
FNDA:0,getTransactionApprovalCount
FNDA:0,getTransactionDenialCount
DA:42,5
DA:43,5
DA:44,5
DA:45,5
DA:46,5
DA:51,0
DA:57,0
DA:58,0
DA:59,0
DA:68,0
DA:73,0
DA:74,0
DA:75,0
DA:76,0
DA:78,0
DA:79,0
DA:80,0
DA:81,0
DA:82,0
DA:84,0
DA:88,0
DA:89,0
DA:90,0
DA:91,0
DA:93,0
DA:94,0
DA:95,0
DA:96,0
DA:97,0
DA:99,0
DA:105,0
DA:106,0
DA:107,0
DA:108,0
DA:109,0
DA:114,0
DA:115,0
DA:116,0
DA:117,0
DA:120,0
DA:125,0
DA:126,0
DA:127,0
DA:128,0
DA:131,0
DA:136,0
DA:138,0
DA:139,0
DA:140,0
DA:141,0
DA:142,0
DA:143,0
DA:148,0
DA:149,0
DA:150,0
DA:151,0
DA:152,0
DA:153,0
DA:158,0
DA:159,0
DA:160,0
DA:161,0
DA:162,0
DA:163,0
DA:164,0
DA:165,0
DA:166,0
DA:169,0
DA:170,0
DA:175,0
DA:180,0
DA:184,0
DA:189,0
DA:194,0
DA:198,0
DA:199,0
DA:200,0
DA:201,0
DA:205,0
DA:206,0
DA:207,0
DA:208,0
DA:209,0
DA:210,0
DA:211,0
DA:213,0
DA:214,0
DA:215,0
DA:216,0
DA:217,0
DA:218,0
DA:219,0
DA:220,0
DA:221,0
DA:222,0
DA:223,0
DA:226,0
DA:230,0
DA:231,0
DA:232,0
DA:233,0
DA:237,0
DA:238,0
DA:239,0
DA:240,0
DA:241,0
DA:242,0
DA:243,0
DA:245,0
DA:246,0
DA:247,0
DA:248,0
DA:249,0
DA:250,0
DA:251,0
DA:252,0
DA:253,0
DA:254,0
DA:255,0
DA:258,0
DA:264,0
DA:265,0
DA:266,0
DA:267,0
DA:268,0
DA:273,0
DA:274,0
DA:275,0
DA:276,0
DA:277,0
DA:282,0
DA:283,0
DA:284,0
DA:285,0
DA:288,0
DA:293,0
DA:294,0
DA:295,0
DA:296,0
DA:299,0
LF:140
LH:5
BRDA:42,1,0,5
BRDA:42,1,1,0
BRDA:57,2,0,0
BRDA:57,2,1,0
BRDA:73,3,0,0
BRDA:73,3,1,0
BRDA:74,4,0,0
BRDA:74,4,1,0
BRDA:75,5,0,0
BRDA:75,5,1,0
BRDA:81,6,0,0
BRDA:81,6,1,0
BRDA:81,7,0,0
BRDA:81,7,1,0
BRDA:88,8,0,0
BRDA:88,8,1,0
BRDA:89,9,0,0
BRDA:89,9,1,0
BRDA:90,10,0,0
BRDA:90,10,1,0
BRDA:96,11,0,0
BRDA:96,11,1,0
BRDA:96,12,0,0
BRDA:96,12,1,0
BRDA:105,13,0,0
BRDA:105,13,1,0
BRDA:106,14,0,0
BRDA:106,14,1,0
BRDA:106,15,0,0
BRDA:106,15,1,0
BRDA:116,16,0,0
BRDA:116,16,1,0
BRDA:127,17,0,0
BRDA:127,17,1,0
BRDA:136,18,0,0
BRDA:136,18,1,0
BRDA:138,19,0,0
BRDA:138,19,1,0
BRDA:139,20,0,0
BRDA:139,20,1,0
BRDA:142,21,0,0
BRDA:142,21,1,0
BRDA:148,22,0,0
BRDA:148,22,1,0
BRDA:149,23,0,0
BRDA:149,23,1,0
BRDA:150,24,0,0
BRDA:150,24,1,0
BRDA:158,25,0,0
BRDA:158,25,1,0
BRDA:159,26,0,0
BRDA:159,26,1,0
BRDA:160,27,0,0
BRDA:160,27,1,0
BRDA:161,28,0,0
BRDA:161,28,1,0
BRDA:164,29,0,0
BRDA:164,29,1,0
BRDA:200,30,0,0
BRDA:200,30,1,0
BRDA:215,31,0,0
BRDA:215,31,1,0
BRDA:232,32,0,0
BRDA:232,32,1,0
BRDA:232,33,0,0
BRDA:232,33,1,0
BRDA:247,34,0,0
BRDA:247,34,1,0
BRDA:247,35,0,0
BRDA:247,35,1,0
BRDA:264,36,0,0
BRDA:264,36,1,0
BRDA:266,37,0,0
BRDA:266,37,1,0
BRDA:273,38,0,0
BRDA:273,38,1,0
BRDA:275,39,0,0
BRDA:275,39,1,0
BRDA:284,40,0,0
BRDA:284,40,1,0
BRDA:295,41,0,0
BRDA:295,41,1,0
BRF:82
BRH:1
end_of_record
